[00:13:21,063] [INFO] CmdHandlerFactory.init --> org.tinygame.herostory.cmdhandler.UserEntryCmdHandler@ed792a85 ==== class org.tinygame.herostory.msg.GameMsgProtocol$UserEntryCmd
[00:13:21,067] [INFO] CmdHandlerFactory.init --> org.tinygame.herostory.cmdhandler.WhoElseIsHereHandler@469a4379 ==== class org.tinygame.herostory.msg.GameMsgProtocol$WhoElseIsHereCmd
[00:13:21,069] [INFO] CmdHandlerFactory.init --> org.tinygame.herostory.cmdhandler.UserLoginCmdHandler@6d2b97a6 ==== class org.tinygame.herostory.msg.GameMsgProtocol$UserLoginCmd
[00:13:21,070] [INFO] CmdHandlerFactory.init --> org.tinygame.herostory.cmdhandler.UserMoveToHandler@d02a11b7 ==== class org.tinygame.herostory.msg.GameMsgProtocol$UserMoveToCmd
[00:13:21,072] [INFO] CmdHandlerFactory.init --> org.tinygame.herostory.cmdhandler.UserAttackHandler@2e2c82fd ==== class org.tinygame.herostory.msg.GameMsgProtocol$UserAttkCmd
[00:13:21,073] [INFO] GameMsgRecognizer.init --> ---------- 完成消息类与消息号的映射 ---------
[00:13:21,957] [INFO] ServerMain.main --> 服务器启动成功
[00:14:29,253] [INFO] CmdHandlerFactory.init --> org.tinygame.herostory.cmdhandler.UserLoginCmdHandler@b0188bea ==== class org.tinygame.herostory.msg.GameMsgProtocol$UserLoginCmd
[00:14:29,257] [INFO] CmdHandlerFactory.init --> org.tinygame.herostory.cmdhandler.WhoElseIsHereHandler@a02c59ec ==== class org.tinygame.herostory.msg.GameMsgProtocol$WhoElseIsHereCmd
[00:14:29,259] [INFO] CmdHandlerFactory.init --> org.tinygame.herostory.cmdhandler.UserMoveToHandler@13b8cdd3 ==== class org.tinygame.herostory.msg.GameMsgProtocol$UserMoveToCmd
[00:14:29,260] [INFO] CmdHandlerFactory.init --> org.tinygame.herostory.cmdhandler.UserEntryCmdHandler@1793305b ==== class org.tinygame.herostory.msg.GameMsgProtocol$UserEntryCmd
[00:14:29,261] [INFO] CmdHandlerFactory.init --> org.tinygame.herostory.cmdhandler.UserAttackHandler@47e2c509 ==== class org.tinygame.herostory.msg.GameMsgProtocol$UserAttkCmd
[00:14:29,269] [INFO] GameMsgRecognizer.init --> ---------- 完成消息类与消息号的映射 ---------
[00:14:29,839] [INFO] ServerMain.main --> 服务器启动成功
[00:14:47,700] [INFO] GameMessageHandler.channelRead0 --> 收到客户端消息,msg= userName: "a"
password: "1"

[00:14:47,704] [INFO] MainThreadProcessor.process --> 收到客户端消息,msgClass = org.tinygame.herostory.msg.GameMsgProtocol$UserLoginCmd
[00:14:47,707] [INFO] LoginService.userLogin --> logService Thread = MainThreadProcessor
[00:14:47,949] [ERROR] LoginService.userLogin --> 密码错误
java.lang.RuntimeException: 密码错误
	at org.tinygame.herostory.login.LoginService.userLogin(LoginService.java:37)
	at org.tinygame.herostory.cmdhandler.UserLoginCmdHandler.handle(UserLoginCmdHandler.java:30)
	at org.tinygame.herostory.cmdhandler.UserLoginCmdHandler.handle(UserLoginCmdHandler.java:15)
	at org.tinygame.herostory.MainThreadProcessor.lambda$process$1(MainThreadProcessor.java:57)
	at org.tinygame.herostory.MainThreadProcessor$$Lambda$26/000000004021CCF0.run(Unknown Source)
	at java.util.concurrent.Executors$RunnableAdapter.call(Executors.java:511)
	at java.util.concurrent.FutureTask.run(FutureTask.java:266)
	at java.util.concurrent.ThreadPoolExecutor.runWorker(ThreadPoolExecutor.java:1149)
	at java.util.concurrent.ThreadPoolExecutor$Worker.run(ThreadPoolExecutor.java:624)
	at java.lang.Thread.run(Thread.java:821)
[00:15:00,689] [INFO] GameMessageHandler.channelRead0 --> 收到客户端消息,msg= userName: "a"
password: "1"

[00:15:00,691] [INFO] MainThreadProcessor.process --> 收到客户端消息,msgClass = org.tinygame.herostory.msg.GameMsgProtocol$UserLoginCmd
[00:15:00,692] [INFO] LoginService.userLogin --> logService Thread = MainThreadProcessor
[00:15:00,695] [ERROR] LoginService.userLogin --> 密码错误
java.lang.RuntimeException: 密码错误
	at org.tinygame.herostory.login.LoginService.userLogin(LoginService.java:37)
	at org.tinygame.herostory.cmdhandler.UserLoginCmdHandler.handle(UserLoginCmdHandler.java:30)
	at org.tinygame.herostory.cmdhandler.UserLoginCmdHandler.handle(UserLoginCmdHandler.java:15)
	at org.tinygame.herostory.MainThreadProcessor.lambda$process$1(MainThreadProcessor.java:57)
	at org.tinygame.herostory.MainThreadProcessor$$Lambda$26/000000004021CCF0.run(Unknown Source)
	at java.util.concurrent.Executors$RunnableAdapter.call(Executors.java:511)
	at java.util.concurrent.FutureTask.run(FutureTask.java:266)
	at java.util.concurrent.ThreadPoolExecutor.runWorker(ThreadPoolExecutor.java:1149)
	at java.util.concurrent.ThreadPoolExecutor$Worker.run(ThreadPoolExecutor.java:624)
	at java.lang.Thread.run(Thread.java:821)
[00:15:34,883] [INFO] GameMessageHandler.channelRead0 --> 收到客户端消息,msg= userName: "a"
password: "1"

[00:15:34,885] [INFO] MainThreadProcessor.process --> 收到客户端消息,msgClass = org.tinygame.herostory.msg.GameMsgProtocol$UserLoginCmd
[00:15:34,886] [INFO] LoginService.userLogin --> logService Thread = MainThreadProcessor
[00:15:34,890] [ERROR] LoginService.userLogin --> 密码错误
java.lang.RuntimeException: 密码错误
	at org.tinygame.herostory.login.LoginService.userLogin(LoginService.java:37)
	at org.tinygame.herostory.cmdhandler.UserLoginCmdHandler.handle(UserLoginCmdHandler.java:30)
	at org.tinygame.herostory.cmdhandler.UserLoginCmdHandler.handle(UserLoginCmdHandler.java:15)
	at org.tinygame.herostory.MainThreadProcessor.lambda$process$1(MainThreadProcessor.java:57)
	at org.tinygame.herostory.MainThreadProcessor$$Lambda$26/000000004021CCF0.run(Unknown Source)
	at java.util.concurrent.Executors$RunnableAdapter.call(Executors.java:511)
	at java.util.concurrent.FutureTask.run(FutureTask.java:266)
	at java.util.concurrent.ThreadPoolExecutor.runWorker(ThreadPoolExecutor.java:1149)
	at java.util.concurrent.ThreadPoolExecutor$Worker.run(ThreadPoolExecutor.java:624)
	at java.lang.Thread.run(Thread.java:821)
[00:16:09,128] [INFO] CmdHandlerFactory.init --> org.tinygame.herostory.cmdhandler.UserMoveToHandler@9e222118 ==== class org.tinygame.herostory.msg.GameMsgProtocol$UserMoveToCmd
[00:16:09,146] [INFO] CmdHandlerFactory.init --> org.tinygame.herostory.cmdhandler.UserAttackHandler@28ed5ff ==== class org.tinygame.herostory.msg.GameMsgProtocol$UserAttkCmd
[00:16:09,149] [INFO] CmdHandlerFactory.init --> org.tinygame.herostory.cmdhandler.UserEntryCmdHandler@f19c453 ==== class org.tinygame.herostory.msg.GameMsgProtocol$UserEntryCmd
[00:16:09,151] [INFO] CmdHandlerFactory.init --> org.tinygame.herostory.cmdhandler.WhoElseIsHereHandler@c5ccad8c ==== class org.tinygame.herostory.msg.GameMsgProtocol$WhoElseIsHereCmd
[00:16:09,154] [INFO] CmdHandlerFactory.init --> org.tinygame.herostory.cmdhandler.UserLoginCmdHandler@62583183 ==== class org.tinygame.herostory.msg.GameMsgProtocol$UserLoginCmd
[00:16:09,156] [INFO] GameMsgRecognizer.init --> ---------- 完成消息类与消息号的映射 ---------
[00:16:11,835] [INFO] ServerMain.main --> 服务器启动成功
[00:16:37,121] [INFO] CmdHandlerFactory.init --> org.tinygame.herostory.cmdhandler.UserMoveToHandler@4e5f29e9 ==== class org.tinygame.herostory.msg.GameMsgProtocol$UserMoveToCmd
[00:16:37,137] [INFO] CmdHandlerFactory.init --> org.tinygame.herostory.cmdhandler.WhoElseIsHereHandler@233d1b1a ==== class org.tinygame.herostory.msg.GameMsgProtocol$WhoElseIsHereCmd
[00:16:37,140] [INFO] CmdHandlerFactory.init --> org.tinygame.herostory.cmdhandler.UserEntryCmdHandler@6b36dede ==== class org.tinygame.herostory.msg.GameMsgProtocol$UserEntryCmd
[00:16:37,144] [INFO] CmdHandlerFactory.init --> org.tinygame.herostory.cmdhandler.UserAttackHandler@caa06cb4 ==== class org.tinygame.herostory.msg.GameMsgProtocol$UserAttkCmd
[00:16:37,150] [INFO] CmdHandlerFactory.init --> org.tinygame.herostory.cmdhandler.UserLoginCmdHandler@fea84e10 ==== class org.tinygame.herostory.msg.GameMsgProtocol$UserLoginCmd
[00:16:37,151] [INFO] GameMsgRecognizer.init --> ---------- 完成消息类与消息号的映射 ---------
[00:16:38,165] [INFO] ServerMain.main --> 服务器启动成功
[00:16:44,784] [INFO] GameMessageHandler.channelRead0 --> 收到客户端消息,msg= userName: "a"
password: "1"

[00:16:44,787] [INFO] MainThreadProcessor.process --> 收到客户端消息,msgClass = org.tinygame.herostory.msg.GameMsgProtocol$UserLoginCmd
[00:16:44,789] [INFO] LoginService.userLogin --> logService Thread = MainThreadProcessor
[00:16:45,163] [INFO] GameMessageHandler.channelRead0 --> 收到客户端消息,msg= 
[00:16:45,165] [INFO] MainThreadProcessor.process --> 收到客户端消息,msgClass = org.tinygame.herostory.msg.GameMsgProtocol$UserEntryCmd
[00:16:45,172] [INFO] GameMessageHandler.channelRead0 --> 收到客户端消息,msg= 
[00:16:45,172] [INFO] MainThreadProcessor.process --> 收到客户端消息,msgClass = org.tinygame.herostory.msg.GameMsgProtocol$WhoElseIsHereCmd
[00:16:46,422] [INFO] GameMessageHandler.channelRead0 --> 收到客户端消息,msg= moveToPosX: -146.6807
moveToPosY: -50.916756

[00:16:46,424] [INFO] MainThreadProcessor.process --> 收到客户端消息,msgClass = org.tinygame.herostory.msg.GameMsgProtocol$UserMoveToCmd
[00:16:46,873] [INFO] GameMessageHandler.channelRead0 --> 收到客户端消息,msg= moveFromPosX: -59.79905
moveFromPosY: -51.256325
moveToPosX: -355.74286
moveToPosY: 44.172813

[00:16:46,874] [INFO] MainThreadProcessor.process --> 收到客户端消息,msgClass = org.tinygame.herostory.msg.GameMsgProtocol$UserMoveToCmd
[00:17:49,428] [INFO] GameMessageHandler.channelRead0 --> 收到客户端消息,msg= targetUserId: 4294967295

[00:17:49,429] [INFO] MainThreadProcessor.process --> 收到客户端消息,msgClass = org.tinygame.herostory.msg.GameMsgProtocol$UserAttkCmd
[00:18:02,330] [INFO] GameMessageHandler.channelRead0 --> 收到客户端消息,msg= targetUserId: 4294967295

[00:18:02,335] [INFO] MainThreadProcessor.process --> 收到客户端消息,msgClass = org.tinygame.herostory.msg.GameMsgProtocol$UserAttkCmd
[00:18:03,144] [INFO] GameMessageHandler.channelRead0 --> 收到客户端消息,msg= targetUserId: 4294967295

[00:18:03,144] [INFO] MainThreadProcessor.process --> 收到客户端消息,msgClass = org.tinygame.herostory.msg.GameMsgProtocol$UserAttkCmd
[00:18:03,807] [INFO] GameMessageHandler.channelRead0 --> 收到客户端消息,msg= targetUserId: 4294967295

[00:18:03,808] [INFO] MainThreadProcessor.process --> 收到客户端消息,msgClass = org.tinygame.herostory.msg.GameMsgProtocol$UserAttkCmd
[00:18:04,467] [INFO] GameMessageHandler.channelRead0 --> 收到客户端消息,msg= targetUserId: 4294967295

[00:18:04,471] [INFO] MainThreadProcessor.process --> 收到客户端消息,msgClass = org.tinygame.herostory.msg.GameMsgProtocol$UserAttkCmd
[00:18:05,025] [INFO] GameMessageHandler.channelRead0 --> 收到客户端消息,msg= targetUserId: 4294967295

[00:18:05,026] [INFO] MainThreadProcessor.process --> 收到客户端消息,msgClass = org.tinygame.herostory.msg.GameMsgProtocol$UserAttkCmd
[00:18:05,474] [INFO] GameMessageHandler.channelRead0 --> 收到客户端消息,msg= targetUserId: 4294967295

[00:18:05,476] [INFO] MainThreadProcessor.process --> 收到客户端消息,msgClass = org.tinygame.herostory.msg.GameMsgProtocol$UserAttkCmd
[01:18:09,177] [INFO] CmdHandlerFactory.init --> org.tinygame.herostory.cmdhandler.UserEntryCmdHandler@9cd48699 ==== class org.tinygame.herostory.msg.GameMsgProtocol$UserEntryCmd
[01:18:09,183] [INFO] CmdHandlerFactory.init --> org.tinygame.herostory.cmdhandler.UserMoveToHandler@a186c560 ==== class org.tinygame.herostory.msg.GameMsgProtocol$UserMoveToCmd
[01:18:09,185] [INFO] CmdHandlerFactory.init --> org.tinygame.herostory.cmdhandler.UserAttackHandler@2ed4202 ==== class org.tinygame.herostory.msg.GameMsgProtocol$UserAttkCmd
[01:18:09,186] [INFO] CmdHandlerFactory.init --> org.tinygame.herostory.cmdhandler.WhoElseIsHereHandler@6f5e58a8 ==== class org.tinygame.herostory.msg.GameMsgProtocol$WhoElseIsHereCmd
[01:18:09,187] [INFO] CmdHandlerFactory.init --> org.tinygame.herostory.cmdhandler.UserLoginCmdHandler@22fb4fc0 ==== class org.tinygame.herostory.msg.GameMsgProtocol$UserLoginCmd
[01:18:09,188] [INFO] GameMsgRecognizer.init --> ---------- 完成消息类与消息号的映射 ---------
[01:18:09,977] [INFO] ServerMain.main --> 服务器启动成功
[01:18:37,855] [INFO] GameMessageHandler.channelRead0 --> 收到客户端消息,msg= userName: "a"
password: "1"

[01:18:37,858] [INFO] MainThreadProcessor.process --> 收到客户端消息,msgClass = org.tinygame.herostory.msg.GameMsgProtocol$UserLoginCmd
[01:18:37,918] [INFO] LoginService.lambda$userLogin$0 --> userLogin Thread = AsyncOperationProcessor
[01:18:38,567] [INFO] GameMessageHandler.channelRead0 --> 收到客户端消息,msg= 
[01:18:38,568] [INFO] MainThreadProcessor.process --> 收到客户端消息,msgClass = org.tinygame.herostory.msg.GameMsgProtocol$UserEntryCmd
[01:18:38,574] [INFO] GameMessageHandler.channelRead0 --> 收到客户端消息,msg= 
[01:18:38,575] [INFO] MainThreadProcessor.process --> 收到客户端消息,msgClass = org.tinygame.herostory.msg.GameMsgProtocol$WhoElseIsHereCmd
[01:23:39,089] [INFO] CmdHandlerFactory.init --> org.tinygame.herostory.cmdhandler.WhoElseIsHereHandler@3f01b2e5 ==== class org.tinygame.herostory.msg.GameMsgProtocol$WhoElseIsHereCmd
[01:23:39,102] [INFO] CmdHandlerFactory.init --> org.tinygame.herostory.cmdhandler.UserLoginCmdHandler@c41c8094 ==== class org.tinygame.herostory.msg.GameMsgProtocol$UserLoginCmd
[01:23:39,104] [INFO] CmdHandlerFactory.init --> org.tinygame.herostory.cmdhandler.UserMoveToHandler@8ec03e90 ==== class org.tinygame.herostory.msg.GameMsgProtocol$UserMoveToCmd
[01:23:39,105] [INFO] CmdHandlerFactory.init --> org.tinygame.herostory.cmdhandler.UserAttackHandler@84ceb088 ==== class org.tinygame.herostory.msg.GameMsgProtocol$UserAttkCmd
[01:23:39,106] [INFO] CmdHandlerFactory.init --> org.tinygame.herostory.cmdhandler.UserEntryCmdHandler@e6012ecc ==== class org.tinygame.herostory.msg.GameMsgProtocol$UserEntryCmd
[01:23:39,107] [INFO] GameMsgRecognizer.init --> ---------- 完成消息类与消息号的映射 ---------
[01:23:40,082] [INFO] ServerMain.main --> 服务器启动成功
[01:23:56,508] [INFO] GameMessageHandler.channelRead0 --> 收到客户端消息,msg= userName: "a"
password: "1"

[01:23:56,524] [INFO] MainThreadProcessor.process --> 收到客户端消息,msgClass = org.tinygame.herostory.msg.GameMsgProtocol$UserLoginCmd
[01:23:56,551] [INFO] MainThreadProcessor.lambda$process$1 --> msg thread MainThreadProcessor
[01:23:56,572] [INFO] LoginService.lambda$userLogin$0 --> userLogin Thread = AsyncOperationProcessor
[01:23:57,197] [INFO] GameMessageHandler.channelRead0 --> 收到客户端消息,msg= 
[01:23:57,199] [INFO] MainThreadProcessor.process --> 收到客户端消息,msgClass = org.tinygame.herostory.msg.GameMsgProtocol$UserEntryCmd
[01:23:57,201] [INFO] MainThreadProcessor.lambda$process$1 --> msg thread MainThreadProcessor
[01:23:57,208] [INFO] GameMessageHandler.channelRead0 --> 收到客户端消息,msg= 
[01:23:57,216] [INFO] MainThreadProcessor.process --> 收到客户端消息,msgClass = org.tinygame.herostory.msg.GameMsgProtocol$WhoElseIsHereCmd
[01:23:57,223] [INFO] MainThreadProcessor.lambda$process$1 --> msg thread MainThreadProcessor
[01:34:43,038] [INFO] CmdHandlerFactory.init --> org.tinygame.herostory.cmdhandler.WhoElseIsHereHandler@4a90e240 ==== class org.tinygame.herostory.msg.GameMsgProtocol$WhoElseIsHereCmd
[01:34:43,043] [INFO] CmdHandlerFactory.init --> org.tinygame.herostory.cmdhandler.UserMoveToHandler@395b7856 ==== class org.tinygame.herostory.msg.GameMsgProtocol$UserMoveToCmd
[01:34:43,045] [INFO] CmdHandlerFactory.init --> org.tinygame.herostory.cmdhandler.UserEntryCmdHandler@1f99b099 ==== class org.tinygame.herostory.msg.GameMsgProtocol$UserEntryCmd
[01:34:43,047] [INFO] CmdHandlerFactory.init --> org.tinygame.herostory.cmdhandler.UserLoginCmdHandler@100d74fe ==== class org.tinygame.herostory.msg.GameMsgProtocol$UserLoginCmd
[01:34:43,048] [INFO] CmdHandlerFactory.init --> org.tinygame.herostory.cmdhandler.UserAttackHandler@69c2f94e ==== class org.tinygame.herostory.msg.GameMsgProtocol$UserAttkCmd
[01:34:43,049] [INFO] GameMsgRecognizer.init --> ---------- 完成消息类与消息号的映射 ---------
[01:34:43,860] [INFO] ServerMain.main --> 服务器启动成功
[01:35:02,389] [INFO] GameMessageHandler.channelRead0 --> 收到客户端消息,msg= userName: "a"
password: "1"

[01:35:02,391] [INFO] MainThreadProcessor.process --> 收到客户端消息,msgClass = org.tinygame.herostory.msg.GameMsgProtocol$UserLoginCmd
[01:35:02,397] [INFO] MainThreadProcessor.lambda$process$1 --> msg thread MainThreadProcessor
[01:35:02,402] [INFO] LoginService.lambda$userLogin$0 --> userLogin Thread = AsyncOperationProcessor
[01:35:02,803] [INFO] GameMessageHandler.channelRead0 --> 收到客户端消息,msg= 
[01:35:02,804] [INFO] MainThreadProcessor.process --> 收到客户端消息,msgClass = org.tinygame.herostory.msg.GameMsgProtocol$UserEntryCmd
[01:35:02,805] [INFO] MainThreadProcessor.lambda$process$1 --> msg thread MainThreadProcessor
[01:35:02,807] [INFO] GameMessageHandler.channelRead0 --> 收到客户端消息,msg= 
[01:35:02,809] [INFO] MainThreadProcessor.process --> 收到客户端消息,msgClass = org.tinygame.herostory.msg.GameMsgProtocol$WhoElseIsHereCmd
[01:35:02,815] [INFO] MainThreadProcessor.lambda$process$1 --> msg thread MainThreadProcessor
[01:35:04,389] [INFO] GameMessageHandler.channelRead0 --> 收到客户端消息,msg= moveToPosX: 204.00424
moveToPosY: -55.637512

[01:35:04,389] [INFO] MainThreadProcessor.process --> 收到客户端消息,msgClass = org.tinygame.herostory.msg.GameMsgProtocol$UserMoveToCmd
[01:35:04,390] [INFO] MainThreadProcessor.lambda$process$1 --> msg thread MainThreadProcessor
[01:35:04,888] [INFO] GameMessageHandler.channelRead0 --> 收到客户端消息,msg= moveFromPosX: 61.93473
moveFromPosY: -57.66337
moveToPosX: -78.56689
moveToPosY: -86.659645

[01:35:04,892] [INFO] MainThreadProcessor.process --> 收到客户端消息,msgClass = org.tinygame.herostory.msg.GameMsgProtocol$UserMoveToCmd
[01:35:04,895] [INFO] MainThreadProcessor.lambda$process$1 --> msg thread MainThreadProcessor
[01:35:05,324] [INFO] GameMessageHandler.channelRead0 --> 收到客户端消息,msg= moveFromPosX: 4.2713585
moveFromPosY: -87.562904
moveToPosX: -54.963097
moveToPosY: 15.173867

[01:35:05,325] [INFO] MainThreadProcessor.process --> 收到客户端消息,msgClass = org.tinygame.herostory.msg.GameMsgProtocol$UserMoveToCmd
[01:35:05,325] [INFO] MainThreadProcessor.lambda$process$1 --> msg thread MainThreadProcessor
[01:35:05,797] [INFO] GameMessageHandler.channelRead0 --> 收到客户端消息,msg= moveFromPosX: -55.52769
moveFromPosY: -27.76384
moveToPosX: 125.77452
moveToPosY: -1.0115912

[01:35:05,803] [INFO] MainThreadProcessor.process --> 收到客户端消息,msgClass = org.tinygame.herostory.msg.GameMsgProtocol$UserMoveToCmd
[01:35:05,805] [INFO] MainThreadProcessor.lambda$process$1 --> msg thread MainThreadProcessor
[01:35:06,236] [INFO] GameMessageHandler.channelRead0 --> 收到客户端消息,msg= moveFromPosX: 2.1356776
moveFromPosY: -2.3444366E-6
moveToPosX: 36.7545
moveToPosY: -97.44994

[01:35:06,237] [INFO] MainThreadProcessor.process --> 收到客户端消息,msgClass = org.tinygame.herostory.msg.GameMsgProtocol$UserMoveToCmd
[01:35:06,238] [INFO] MainThreadProcessor.lambda$process$1 --> msg thread MainThreadProcessor
[01:47:10,224] [INFO] CmdHandlerFactory.init --> org.tinygame.herostory.cmdhandler.UserLoginCmdHandler@a39d5666 ==== class org.tinygame.herostory.msg.GameMsgProtocol$UserLoginCmd
[01:47:10,243] [INFO] CmdHandlerFactory.init --> org.tinygame.herostory.cmdhandler.UserMoveToHandler@df6a0f95 ==== class org.tinygame.herostory.msg.GameMsgProtocol$UserMoveToCmd
[01:47:10,244] [INFO] CmdHandlerFactory.init --> org.tinygame.herostory.cmdhandler.WhoElseIsHereHandler@ccd0fa30 ==== class org.tinygame.herostory.msg.GameMsgProtocol$WhoElseIsHereCmd
[01:47:10,249] [INFO] CmdHandlerFactory.init --> org.tinygame.herostory.cmdhandler.UserAttackHandler@4f246871 ==== class org.tinygame.herostory.msg.GameMsgProtocol$UserAttkCmd
[01:47:10,250] [INFO] CmdHandlerFactory.init --> org.tinygame.herostory.cmdhandler.UserEntryCmdHandler@fcaccb8 ==== class org.tinygame.herostory.msg.GameMsgProtocol$UserEntryCmd
[01:47:10,251] [INFO] GameMsgRecognizer.init --> ---------- 完成消息类与消息号的映射 ---------
[01:47:11,064] [INFO] ServerMain.main --> 服务器启动成功
[01:48:14,537] [INFO] GameMessageHandler.channelRead0 --> 收到客户端消息,msg= userName: "a"
password: "1"

[01:48:14,540] [INFO] MainThreadProcessor.process --> 收到客户端消息,msgClass = org.tinygame.herostory.msg.GameMsgProtocol$UserLoginCmd
[01:48:14,560] [INFO] MainThreadProcessor.lambda$process$1 --> msg thread MainThreadProcessor
[01:48:14,571] [INFO] UserLoginCmdHandler.handle --> UserLoginCmdHandler thread MainThreadProcessor
[01:48:14,604] [INFO] LoginService$AsyncGetEntity.doAsync --> doAsync thread AsyncOperationProcessor
[01:48:15,310] [INFO] UserLoginCmdHandler.lambda$handle$0 --> logService thread MainThreadProcessor
[01:48:15,504] [INFO] GameMessageHandler.channelRead0 --> 收到客户端消息,msg= 
[01:48:15,505] [INFO] MainThreadProcessor.process --> 收到客户端消息,msgClass = org.tinygame.herostory.msg.GameMsgProtocol$UserEntryCmd
[01:48:15,507] [INFO] MainThreadProcessor.lambda$process$1 --> msg thread MainThreadProcessor
[01:48:15,508] [INFO] GameMessageHandler.channelRead0 --> 收到客户端消息,msg= 
[01:48:15,532] [INFO] MainThreadProcessor.process --> 收到客户端消息,msgClass = org.tinygame.herostory.msg.GameMsgProtocol$WhoElseIsHereCmd
[01:48:15,546] [INFO] MainThreadProcessor.lambda$process$1 --> msg thread MainThreadProcessor
